c:\users\g\documents\github\rigidbody_simulation_project\lab_framework\build\debug\vc141.pdb
c:\users\g\documents\github\rigidbody_simulation_project\lab_framework\build\debug\vc141.idb
c:\users\g\documents\github\rigidbody_simulation_project\lab_framework\build\debug\world.obj
c:\users\g\documents\github\rigidbody_simulation_project\lab_framework\build\debug\renderer.obj
c:\users\g\documents\github\rigidbody_simulation_project\lab_framework\build\debug\light.obj
c:\users\g\documents\github\rigidbody_simulation_project\lab_framework\build\debug\eventmanager.obj
c:\users\g\documents\github\rigidbody_simulation_project\lab_framework\build\debug\demomanager.obj
c:\users\g\documents\github\rigidbody_simulation_project\lab_framework\build\debug\object.obj
c:\users\g\documents\github\rigidbody_simulation_project\lab_framework\build\debug\collisionhelper.obj
c:\users\g\documents\github\rigidbody_simulation_project\lab_framework\build\debug\camera.obj
c:\users\g\documents\github\rigidbody_simulation_project\lab_framework\bin\labs-debug.exe
c:\users\g\documents\github\rigidbody_simulation_project\lab_framework\bin\labs-debug.ilk
c:\users\g\documents\github\rigidbody_simulation_project\lab_framework\bin\labs-debug.pdb
c:\users\g\documents\github\rigidbody_simulation_project\lab_framework\vs2017\/../bin/labs-debug.pdb
c:\users\g\documents\github\rigidbody_simulation_project\lab_framework\vs2017\/../bin/labs-debug.exe
c:\users\g\documents\github\rigidbody_simulation_project\lab_framework\vs2017\/../bin/labs-debug.ilk
c:\users\g\documents\github\rigidbody_simulation_project\lab_framework\build\debug\labs.tlog\cl.command.1.tlog
c:\users\g\documents\github\rigidbody_simulation_project\lab_framework\build\debug\labs.tlog\cl.read.1.tlog
c:\users\g\documents\github\rigidbody_simulation_project\lab_framework\build\debug\labs.tlog\cl.write.1.tlog
c:\users\g\documents\github\rigidbody_simulation_project\lab_framework\build\debug\labs.tlog\link.command.1.tlog
c:\users\g\documents\github\rigidbody_simulation_project\lab_framework\build\debug\labs.tlog\link.read.1.tlog
c:\users\g\documents\github\rigidbody_simulation_project\lab_framework\build\debug\labs.tlog\link.write.1.tlog
