C:\Program Files (x86)\Microsoft Visual Studio\2017\Community\Common7\IDE\VC\VCTargets\Microsoft.CppBuild.targets(391,5): warning MSB8028: The intermediate directory (C:\Users\G\Desktop\BoxPhysicsEngine\Rigidbody_Simulation_Project\Lab_Framework\VS2017\/../Build/Debug/) contains files shared from another project (Labs.vcxproj, RigidBodyPhysicsEngine.vcxproj).  This can lead to incorrect clean and rebuild behavior.
  Camera.cpp
  Object.cpp
c:\users\g\desktop\boxphysicsengine\rigidbody_simulation_project\lab_framework\include\objloader.h(34): warning C4996: 'fopen': This function or variable may be unsafe. Consider using fopen_s instead. To disable deprecation, use _CRT_SECURE_NO_WARNINGS. See online help for details.
  c:\program files (x86)\windows kits\10\include\10.0.16299.0\ucrt\stdio.h(207): note: see declaration of 'fopen'
c:\users\g\desktop\boxphysicsengine\rigidbody_simulation_project\lab_framework\include\objloader.h(45): warning C4996: 'fscanf': This function or variable may be unsafe. Consider using fscanf_s instead. To disable deprecation, use _CRT_SECURE_NO_WARNINGS. See online help for details.
  c:\program files (x86)\windows kits\10\include\10.0.16299.0\ucrt\stdio.h(1195): note: see declaration of 'fscanf'
c:\users\g\desktop\boxphysicsengine\rigidbody_simulation_project\lab_framework\include\objloader.h(53): warning C4996: 'fscanf': This function or variable may be unsafe. Consider using fscanf_s instead. To disable deprecation, use _CRT_SECURE_NO_WARNINGS. See online help for details.
  c:\program files (x86)\windows kits\10\include\10.0.16299.0\ucrt\stdio.h(1195): note: see declaration of 'fscanf'
c:\users\g\desktop\boxphysicsengine\rigidbody_simulation_project\lab_framework\include\objloader.h(58): warning C4996: 'fscanf': This function or variable may be unsafe. Consider using fscanf_s instead. To disable deprecation, use _CRT_SECURE_NO_WARNINGS. See online help for details.
  c:\program files (x86)\windows kits\10\include\10.0.16299.0\ucrt\stdio.h(1195): note: see declaration of 'fscanf'
c:\users\g\desktop\boxphysicsengine\rigidbody_simulation_project\lab_framework\include\objloader.h(64): warning C4996: 'fscanf': This function or variable may be unsafe. Consider using fscanf_s instead. To disable deprecation, use _CRT_SECURE_NO_WARNINGS. See online help for details.
  c:\program files (x86)\windows kits\10\include\10.0.16299.0\ucrt\stdio.h(1195): note: see declaration of 'fscanf'
c:\users\g\desktop\boxphysicsengine\rigidbody_simulation_project\lab_framework\include\objloader.h(74): warning C4996: 'sscanf': This function or variable may be unsafe. Consider using sscanf_s instead. To disable deprecation, use _CRT_SECURE_NO_WARNINGS. See online help for details.
  c:\program files (x86)\windows kits\10\include\10.0.16299.0\ucrt\stdio.h(2261): note: see declaration of 'sscanf'
c:\users\g\desktop\boxphysicsengine\rigidbody_simulation_project\lab_framework\include\objloader.h(77): warning C4996: 'sscanf': This function or variable may be unsafe. Consider using sscanf_s instead. To disable deprecation, use _CRT_SECURE_NO_WARNINGS. See online help for details.
  c:\program files (x86)\windows kits\10\include\10.0.16299.0\ucrt\stdio.h(2261): note: see declaration of 'sscanf'
c:\users\g\desktop\boxphysicsengine\rigidbody_simulation_project\lab_framework\include\objloader.h(80): warning C4996: 'sscanf': This function or variable may be unsafe. Consider using sscanf_s instead. To disable deprecation, use _CRT_SECURE_NO_WARNINGS. See online help for details.
  c:\program files (x86)\windows kits\10\include\10.0.16299.0\ucrt\stdio.h(2261): note: see declaration of 'sscanf'
c:\users\g\desktop\boxphysicsengine\rigidbody_simulation_project\lab_framework\include\objloader.h(83): warning C4996: 'sscanf': This function or variable may be unsafe. Consider using sscanf_s instead. To disable deprecation, use _CRT_SECURE_NO_WARNINGS. See online help for details.
  c:\program files (x86)\windows kits\10\include\10.0.16299.0\ucrt\stdio.h(2261): note: see declaration of 'sscanf'
c:\users\g\desktop\boxphysicsengine\rigidbody_simulation_project\lab_framework\source\object.cpp(469): warning C4018: '<': signed/unsigned mismatch
c:\users\g\desktop\boxphysicsengine\rigidbody_simulation_project\lab_framework\source\object.cpp(587): warning C4018: '<': signed/unsigned mismatch
  DemoManager.cpp
c:\users\g\desktop\boxphysicsengine\rigidbody_simulation_project\lab_framework\source\demomanager.cpp(48): warning C4305: '=': truncation from 'double' to 'float'
c:\users\g\desktop\boxphysicsengine\rigidbody_simulation_project\lab_framework\source\demomanager.cpp(50): warning C4305: '=': truncation from 'double' to 'float'
  EventManager.cpp
  Light.cpp
  Renderer.cpp
  World.cpp
c:\users\g\desktop\boxphysicsengine\rigidbody_simulation_project\lab_framework\source\world.cpp(68): warning C4018: '<': signed/unsigned mismatch
c:\users\g\desktop\boxphysicsengine\rigidbody_simulation_project\lab_framework\source\world.cpp(120): warning C4018: '<': signed/unsigned mismatch
c:\users\g\desktop\boxphysicsengine\rigidbody_simulation_project\lab_framework\source\world.cpp(442): warning C4018: '<': signed/unsigned mismatch
c:\users\g\desktop\boxphysicsengine\rigidbody_simulation_project\lab_framework\source\world.cpp(473): warning C4018: '<': signed/unsigned mismatch
  Generating Code...
LINK : warning LNK4098: defaultlib 'LIBCMT' conflicts with use of other libs; use /NODEFAULTLIB:library
LINK : warning LNK4098: defaultlib 'MSVCRT' conflicts with use of other libs; use /NODEFAULTLIB:library
glew32s.lib(glew.obj) : warning LNK4099: PDB 'vc120.pdb' was not found with 'glew32s.lib(glew.obj)' or at 'C:\Users\G\Desktop\BoxPhysicsEngine\Rigidbody_Simulation_Project\Lab_Framework\Bin\vc120.pdb'; linking object as if no debug info
  Labs.vcxproj -> C:\Users\G\Desktop\BoxPhysicsEngine\Rigidbody_Simulation_Project\Lab_Framework\VS2017\/../Bin/BoxPhysicsEngine-Debug.exe
